11:10:10.140 WARN  UncaughtException:Error: listen EADDRINUSE :::80 
11:12:38.815 WARN  UncaughtException:ReferenceError: change is not defined 
11:13:37.133 WARN  UncaughtException:ReferenceError: change is not defined 
11:21:03.660 WARN  UncaughtException:Error: listen EADDRINUSE :::80 
11:21:03.659 WARN  UncaughtException:Error: listen EADDRINUSE :::80 
11:33:22.007 WARN  UncaughtException:Error: ER_PARSE_ERROR: You have an error in your SQL syntax; check the manual that corresponds to your MySQL server version for the right syntax to use near 'BoBtbRy9L@4]XHc3fb&srpnrfDG(ppX[5iR5jlD0vEli^e%,2#f(f6R$rCjS88tTl^jNu50SEpn1I^)7' at line 1 
11:34:08.247 WARN  UncaughtException:Error: ER_PARSE_ERROR: You have an error in your SQL syntax; check the manual that corresponds to your MySQL server version for the right syntax to use near 'Kryeger'','283b264cf0da10be77ba64a5fc3b188f8896a08cef81196ac1f4e7a1af76a855fb185' at line 1 
11:35:15.348 WARN  UncaughtException:Error: ER_PARSE_ERROR: You have an error in your SQL syntax; check the manual that corresponds to your MySQL server version for the right syntax to use near 'Kryeger','283b264cf0da10be229510cafc1402a8aceabe8ddcda495394f4e4969437b656e81923' at line 1 
11:37:33.872 WARN  UncaughtException:Error: ER_PARSE_ERROR: You have an error in your SQL syntax; check the manual that corresponds to your MySQL server version for the right syntax to use near 'Kryeger','283b264cf0da10be2cb750dac91461b28adbbd8af69a097df7f0c0a5997fb474ea6251' at line 1 
11:37:57.508 WARN  UncaughtException:Error: listen EADDRINUSE :::80 
11:38:04.512 WARN  UncaughtException:Error: ER_BAD_FIELD_ERROR: Unknown column 'password' in 'field list' 
13:01:29.523 WARN  UncaughtException:Error: read ECONNRESET 
13:01:44.169 WARN  UncaughtException:Error: read ECONNRESET 
13:02:03.694 WARN  UncaughtException:Error: read ECONNRESET 
13:04:17.296 WARN  UncaughtException:Error: read ECONNRESET 
13:05:50.659 WARN  UncaughtException:Error: read ECONNRESET 
15:00:13.849 WARN  UncaughtException:ReferenceError: usersObj is not defined 
15:01:24.457 WARN  UncaughtException:ReferenceError: usersObj is not defined 
15:01:56.811 WARN  UncaughtException:TypeError: Cannot read property 'push' of undefined 
15:02:28.129 WARN  UncaughtException:TypeError: Cannot read property 'push' of undefined 
15:03:04.821 WARN  UncaughtException:TypeError: Cannot read property 'push' of undefined 
15:04:28.286 WARN  UncaughtException:TypeError: Cannot read property 'push' of undefined 
15:05:41.310 WARN  UncaughtException:TypeError: Cannot read property 'push' of undefined 
15:23:31.976 WARN  UncaughtException:TypeError: users.insert is not a function 
10:38:34.758 WARN  UncaughtException:ReferenceError: field is not defined 
10:38:55.356 WARN  UncaughtException:TypeError: fields.join is not a function 
10:44:24.224 WARN  UncaughtException:TypeError: Cannot read property 'username' of undefined 
10:46:28.737 WARN  UncaughtException:TypeError: Cannot read property 'username' of undefined 
10:47:48.595 WARN  UncaughtException:TypeError: Cannot read property 'username' of undefined 
10:48:28.570 WARN  UncaughtException:TypeError: Cannot read property 'username' of undefined 
10:56:31.992 WARN  UncaughtException:ReferenceError: myuser is not defined 
11:10:12.577 WARN  UncaughtException:TypeError: Cannot read property 'username' of undefined 
23:45:26.197 WARN  UncaughtException:ReferenceError: init is not defined 
01:48:14.170 WARN  UncaughtException:ReferenceError: Must call super constructor in derived class before accessing 'this' or returning from derived constructor 
01:48:51.942 WARN  UncaughtException:ReferenceError: Must call super constructor in derived class before accessing 'this' or returning from derived constructor 
01:49:17.483 WARN  UncaughtException:ReferenceError: Must call super constructor in derived class before accessing 'this' or returning from derived constructor 
01:50:52.680 WARN  UncaughtException:ReferenceError: Must call super constructor in derived class before accessing 'this' or returning from derived constructor 
01:51:53.152 WARN  UncaughtException:ReferenceError: Must call super constructor in derived class before accessing 'this' or returning from derived constructor 
01:52:21.996 WARN  UncaughtException:TypeError: Cannot read property 'insert' of undefined 
02:10:52.597 WARN  UncaughtException:ReferenceError: users is not defined 
02:10:52.922 WARN  UncaughtException:Error: ER_NO_SUCH_TABLE: Table 'gang.players' doesn't exist 
02:11:41.085 WARN  UncaughtException:ReferenceError: users is not defined 
02:11:41.423 WARN  UncaughtException:Error: ER_NO_SUCH_TABLE: Table 'gang.players' doesn't exist 
02:11:41.585 WARN  UncaughtException:ReferenceError: users is not defined 
02:11:57.161 WARN  UncaughtException:ReferenceError: users is not defined 
02:12:19.833 WARN  UncaughtException:ReferenceError: users is not defined 
02:12:34.951 WARN  UncaughtException:ReferenceError: users is not defined 
02:12:35.272 WARN  UncaughtException:Error: ER_NO_SUCH_TABLE: Table 'gang.players' doesn't exist 
02:13:10.005 WARN  UncaughtException:ReferenceError: users is not defined 
02:13:10.323 WARN  UncaughtException:Error: ER_NO_SUCH_TABLE: Table 'gang.players' doesn't exist 
02:13:49.823 WARN  UncaughtException:ReferenceError: users is not defined 
02:13:50.141 WARN  UncaughtException:Error: ER_NO_SUCH_TABLE: Table 'gang.players' doesn't exist 
01:31:09.467 WARN  UncaughtException:TypeError: S.companies[0].hireNpc is not a function 
22:55:48.853 WARN  UncaughtException:ReferenceError: users is not defined 
22:55:49.155 WARN  UncaughtException:ReferenceError: firstName is not defined 
22:55:49.316 WARN  UncaughtException:Error: ER_NO_SUCH_TABLE: Table 'gang.players' doesn't exist 
13:38:09.296 WARN  UncaughtException:ReferenceError: users is not defined 
13:39:05.597 WARN  UncaughtException:ReferenceError: users is not defined 
20:34:04.165 WARN  UncaughtException:ReferenceError: users is not defined 
20:34:56.800 WARN  UncaughtException:ReferenceError: users is not defined 
20:39:19.403 WARN  UncaughtException:ReferenceError: users is not defined 
20:39:19.608 WARN  UncaughtException:ReferenceError: firstName is not defined 
20:39:20.493 WARN  UncaughtException:Error: ER_TRUNCATED_WRONG_VALUE: Truncated incorrect DOUBLE value: 'undefined' 
20:40:50.727 WARN  UncaughtException:ReferenceError: users is not defined 
20:40:50.919 WARN  UncaughtException:ReferenceError: firstName is not defined 
20:40:51.280 WARN  UncaughtException:Error: ER_TRUNCATED_WRONG_VALUE: Truncated incorrect DOUBLE value: 'undefined' 
20:44:10.018 WARN  UncaughtException:ReferenceError: users is not defined 
20:52:47.227 WARN  UncaughtException:Error: listen EADDRINUSE :::80 
00:53:36.352 WARN  UncaughtException:ReferenceError: callback is not defined 
00:53:44.464 WARN  UncaughtException:ReferenceError: callback is not defined 
00:54:55.314 WARN  UncaughtException:ReferenceError: callback is not defined 
00:55:01.411 WARN  UncaughtException:ReferenceError: callback is not defined 
00:55:33.006 WARN  UncaughtException:TypeError: Cannot set property 'player' of undefined 
00:56:11.661 WARN  UncaughtException:TypeError: Cannot set property 'player' of undefined 
00:56:24.631 WARN  UncaughtException:TypeError: Cannot set property 'player' of undefined 
00:59:04.749 WARN  UncaughtException:TypeError: fields.join is not a function 
00:59:51.523 WARN  UncaughtException:Error: listen EADDRINUSE :::80 
01:00:14.441 WARN  UncaughtException:TypeError: fields.join is not a function 
01:01:02.647 WARN  UncaughtException:Error: ER_PARSE_ERROR: You have an error in your SQL syntax; check the manual that corresponds to your MySQL server version for the right syntax to use near '`p` = 'l'' at line 1 
01:01:09.122 WARN  UncaughtException:Error: ER_PARSE_ERROR: You have an error in your SQL syntax; check the manual that corresponds to your MySQL server version for the right syntax to use near '`p` = 'l'' at line 1 
01:02:28.905 WARN  UncaughtException:TypeError: Cannot read property 'firstName' of undefined 
01:03:52.429 WARN  UncaughtException:TypeError: Cannot read property 'firstName' of undefined 
01:05:51.615 WARN  UncaughtException:TypeError: Cannot read property 'firstName' of undefined 
01:07:02.410 WARN  UncaughtException:TypeError: Cannot read property 'firstName' of undefined 
01:08:34.148 WARN  UncaughtException:TypeError: Cannot read property 'firstName' of undefined 
01:09:25.206 WARN  UncaughtException:TypeError: Cannot set property 'player' of undefined 
01:10:05.846 WARN  UncaughtException:TypeError: Cannot set property 'player' of undefined 
01:10:58.384 WARN  UncaughtException:TypeError: Cannot set property 'player' of undefined 
01:11:48.820 WARN  UncaughtException:TypeError: Cannot set property 'player' of undefined 
01:19:57.204 WARN  UncaughtException:TypeError: Cannot read property 'firstName' of undefined 
01:22:26.304 WARN  UncaughtException:TypeError: Cannot read property 'firstName' of undefined 
01:23:28.212 WARN  UncaughtException:ReferenceError: firstName is not defined 
01:23:28.565 WARN  UncaughtException:Error: ER_TRUNCATED_WRONG_VALUE: Truncated incorrect DOUBLE value: 'undefined' 
01:24:44.820 WARN  UncaughtException:Error: ER_TRUNCATED_WRONG_VALUE: Truncated incorrect DOUBLE value: 'undefined' 
01:26:09.562 WARN  UncaughtException:Error: ER_TRUNCATED_WRONG_VALUE: Truncated incorrect DOUBLE value: 'undefined' 
01:28:49.232 WARN  UncaughtException:Error: ER_TRUNCATED_WRONG_VALUE: Truncated incorrect DOUBLE value: 'undefined' 
01:32:16.406 WARN  UncaughtException:Error: ER_TRUNCATED_WRONG_VALUE: Truncated incorrect DOUBLE value: 'undefined' 
01:32:44.898 WARN  UncaughtException:Error: ER_TRUNCATED_WRONG_VALUE: Truncated incorrect DOUBLE value: 'undefined' 
01:33:55.320 WARN  UncaughtException:Error: ER_TRUNCATED_WRONG_VALUE: Truncated incorrect DOUBLE value: 'undefined' 
01:36:13.455 WARN  UncaughtException:Error: ER_PARSE_ERROR: You have an error in your SQL syntax; check the manual that corresponds to your MySQL server version for the right syntax to use near ''players' at line 1 
01:42:36.693 WARN  UncaughtException:TypeError: Cannot read property '0' of undefined 
01:43:49.961 WARN  UncaughtException:TypeError: Cannot read property '0' of undefined 
01:45:23.924 WARN  UncaughtException:Error: ER_TRUNCATED_WRONG_VALUE: Truncated incorrect DOUBLE value: 'undefined' 
01:48:05.735 WARN  UncaughtException:Error: ER_TRUNCATED_WRONG_VALUE: Truncated incorrect DOUBLE value: 'undefined' 
01:48:55.689 WARN  UncaughtException:Error: ER_TRUNCATED_WRONG_VALUE: Truncated incorrect DOUBLE value: 'undefined' 
01:49:53.039 WARN  UncaughtException:Error: ER_TRUNCATED_WRONG_VALUE: Truncated incorrect DOUBLE value: 'undefined' 
01:50:23.639 WARN  UncaughtException:Error: ER_TRUNCATED_WRONG_VALUE: Truncated incorrect DOUBLE value: 'undefined' 
01:51:40.464 WARN  UncaughtException:Error: ER_TRUNCATED_WRONG_VALUE: Truncated incorrect DOUBLE value: 'undefined' 
02:16:48.351 WARN  UncaughtException:TypeError: Cannot read property 'userkey' of undefined 
02:19:19.369 WARN  UncaughtException:TypeError: Cannot read property 'userkey' of undefined 
02:19:24.340 WARN  UncaughtException:TypeError: Cannot read property 'userkey' of undefined 
02:20:04.282 WARN  UncaughtException:ReferenceError: users is not defined 
02:20:06.201 WARN  UncaughtException:ReferenceError: users is not defined 
02:22:46.810 WARN  UncaughtException:ReferenceError: users is not defined 
02:23:16.229 WARN  UncaughtException:TypeError: Cannot read property 'userkey' of undefined 
02:25:25.848 WARN  UncaughtException:TypeError: Cannot read property 'userkey' of undefined 
02:25:58.948 WARN  UncaughtException:TypeError: Cannot read property 'userkey' of undefined 
02:26:02.850 WARN  UncaughtException:TypeError: Cannot read property 'userkey' of undefined 
02:26:22.453 WARN  UncaughtException:TypeError: Cannot read property 'userkey' of undefined 
02:28:27.924 WARN  UncaughtException:TypeError: Cannot read property 'userkey' of undefined 
02:31:07.892 WARN  UncaughtException:TypeError: Cannot read property '0' of undefined 
02:41:12.486 WARN  UncaughtException:TypeError: Cannot read property 'userkey' of undefined 
02:45:38.278 WARN  UncaughtException:ReferenceError: index is not defined 
12:53:34.088 WARN  UncaughtException:ReferenceError: players is not defined 
12:53:41.510 WARN  UncaughtException:ReferenceError: players is not defined 
14:13:58.750 WARN  UncaughtException:TypeError: Cannot read property 'push' of undefined 
14:16:46.757 WARN  UncaughtException:ReferenceError: Player is not defined 
14:16:55.769 WARN  UncaughtException:ReferenceError: Player is not defined 
14:17:01.912 WARN  UncaughtException:ReferenceError: Player is not defined 
14:17:03.945 WARN  UncaughtException:TypeError: Cannot read property 'ownedCompanies' of undefined 
14:20:17.782 WARN  UncaughtException:TypeError: Player is not a constructor 
14:20:19.175 WARN  UncaughtException:TypeError: Cannot read property 'ownedCompanies' of undefined 
14:26:36.580 WARN  UncaughtException:ReferenceError: con is not defined 
14:26:38.261 WARN  UncaughtException:TypeError: Cannot read property 'userkey' of undefined 
14:28:18.992 WARN  UncaughtException:ReferenceError: fetch is not defined 
14:37:15.350 WARN  UncaughtException:ReferenceError: _ is not defined 
14:37:15.392 WARN  UncaughtException:ReferenceError: _ is not defined 
14:37:20.079 WARN  UncaughtException:ReferenceError: _ is not defined 
14:37:21.362 WARN  UncaughtException:ReferenceError: fetch is not defined 
18:44:25.189 WARN  UncaughtException:ReferenceError: _ is not defined 
18:44:26.115 WARN  UncaughtException:ReferenceError: fetch is not defined 
